<?xml version="1.0" encoding="UTF-8"?>
<!-- Generated by org.testng.reporters.JUnitReportReporter -->
<testsuite hostname="DESKTOP-14R4M77" failures="0" tests="1" name="sample_tests.demo_classtest" time="0.017" errors="0" timestamp="2022-09-08T20:37:20 IST" skipped="0">
  <testcase classname="sample_tests.demo_classtest" name="demo" time="0.017"/>
  <system-out/>
</testsuite> <!-- sample_tests.demo_classtest -->
