<?xml version="1.0" encoding="UTF-8"?>
<!-- Generated by org.testng.reporters.JUnitReportReporter -->
<testsuite hostname="DESKTOP-14R4M77" failures="0" tests="1" name="sample_tests.demo_class" time="0.051" errors="0" timestamp="2022-09-08T20:28:33 IST" skipped="0">
  <testcase classname="sample_tests.demo_class" name="demo" time="0.051"/>
  <system-out/>
</testsuite> <!-- sample_tests.demo_class -->
