<?xml version="1.0" encoding="UTF-8"?>
<!-- Generated by org.testng.reporters.JUnitReportReporter -->
<testsuite hostname="DESKTOP-14R4M77" failures="0" tests="1" name="sample_tests.Sampletest" time="0.049" errors="0" timestamp="2022-09-09T00:08:41 IST" skipped="0">
  <testcase classname="sample_tests.Sampletest" name="execution" time="0.049"/>
  <system-out/>
</testsuite> <!-- sample_tests.Sampletest -->
