<?xml version="1.0" encoding="UTF-8"?>
<!-- Generated by org.testng.reporters.JUnitReportReporter -->
<testsuite hostname="DESKTOP-14R4M77" failures="0" tests="2" name="vtiger.Practice.testng_practice" time="0.020" errors="0" timestamp="2022-09-07T13:09:56 IST" skipped="0">
  <testcase classname="vtiger.Practice.testng_practice" name="ModifyCustomerTest" time="0.003"/>
  <system-out/>
  <testcase classname="vtiger.Practice.testng_practice" name="CreateCustomerTest" time="0.017"/>
  <system-out/>
</testsuite> <!-- vtiger.Practice.testng_practice -->
